{
  "stats": {
    "suites": 1,
    "tests": 4,
    "passes": 2,
    "pending": 0,
    "failures": 2,
    "start": "2020-11-09T13:16:22.413Z",
    "end": "2020-11-09T13:17:05.937Z",
    "duration": 43524,
    "testsRegistered": 4,
    "passPercent": 50,
    "pendingPercent": 0,
    "other": 0,
    "hasOther": false,
    "skipped": 0,
    "hasSkipped": false
  },
  "results": [
    {
      "uuid": "d3961570-63f9-4382-994b-123adff9119f",
      "title": "",
      "fullFile": "cypress/integration/herokuDeploy.spec.js",
      "file": "cypress/integration/herokuDeploy.spec.js",
      "beforeHooks": [],
      "afterHooks": [],
      "tests": [],
      "suites": [
        {
          "uuid": "47be8231-a567-42a5-8fff-dfd7dbdb8335",
          "title": "Verifica se foi feito o deploy do frontend no Heroku",
          "fullFile": "",
          "file": "",
          "beforeHooks": [],
          "afterHooks": [],
          "tests": [
            {
              "title": "Será validado que o botão de mudar de realidade existe",
              "fullTitle": "Verifica se foi feito o deploy do frontend no Heroku Será validado que o botão de mudar de realidade existe",
              "timedOut": null,
              "duration": 3108,
              "state": "passed",
              "speed": "slow",
              "pass": true,
              "fail": false,
              "pending": false,
              "context": null,
              "code": "cy.get(\".change-reality\").should(\"exist\");",
              "err": {},
              "uuid": "3a533a82-6ff3-4c94-9e9b-6d846eb4166b",
              "parentUUID": "47be8231-a567-42a5-8fff-dfd7dbdb8335",
              "isHook": false,
              "skipped": false
            },
            {
              "title": "Será validado que a pesquisa funciona como deveria",
              "fullTitle": "Verifica se foi feito o deploy do frontend no Heroku Será validado que a pesquisa funciona como deveria",
              "timedOut": null,
              "duration": 10453,
              "state": "failed",
              "speed": null,
              "pass": false,
              "fail": true,
              "pending": false,
              "context": null,
              "code": "cy.contains(PESQUISAR).click();\ncy.contains(MARTIN).should(\"exist\");",
              "err": {
                "message": "AssertionError: Timed out retrying: Expected to find content: 'Martin' but never did.",
                "estack": "AssertionError: Timed out retrying: Expected to find content: 'Martin' but never did.\n    at Context.eval (https://mathieubouhelier-ft.herokuapp.com/__cypress/tests?p=cypress/integration/herokuDeploy.spec.js:115:25)",
                "diff": null
              },
              "uuid": "b1dd0e4f-39c5-4a7f-9720-3ca09e7f2338",
              "parentUUID": "47be8231-a567-42a5-8fff-dfd7dbdb8335",
              "isHook": false,
              "skipped": false
            },
            {
              "title": "Será validado que o botão de mudar de realidade funciona.",
              "fullTitle": "Verifica se foi feito o deploy do frontend no Heroku Será validado que o botão de mudar de realidade funciona.",
              "timedOut": null,
              "duration": 10451,
              "state": "failed",
              "speed": null,
              "pass": false,
              "fail": true,
              "pending": false,
              "context": null,
              "code": "cy.contains(\"Mudar de Realidade\").click();\ncy.contains(PESQUISAR).click();\ncy.contains(INVERTED_MARTIN).should(\"exist\");",
              "err": {
                "message": "AssertionError: Timed out retrying: Expected to find content: 'uᴉʇɹɐW' but never did.",
                "estack": "AssertionError: Timed out retrying: Expected to find content: 'uᴉʇɹɐW' but never did.\n    at Context.eval (https://mathieubouhelier-ft.herokuapp.com/__cypress/tests?p=cypress/integration/herokuDeploy.spec.js:120:34)",
                "diff": null
              },
              "uuid": "31ecc905-ad4d-4e80-bbcd-21c372e4e0ad",
              "parentUUID": "47be8231-a567-42a5-8fff-dfd7dbdb8335",
              "isHook": false,
              "skipped": false
            },
            {
              "title": "Será validado que os botões de próxima página e página anterior funcionam",
              "fullTitle": "Verifica se foi feito o deploy do frontend no Heroku Será validado que os botões de próxima página e página anterior funcionam",
              "timedOut": null,
              "duration": 1920,
              "state": "passed",
              "speed": "slow",
              "pass": true,
              "fail": false,
              "pending": false,
              "context": null,
              "code": "cy.contains(PESQUISAR).click();\ncy.contains(MARTIN).should(\"exist\");\ncy.contains(\"Próximo\").click();\ncy.contains(\"2\").should(\"exist\");\ncy.contains(Claudia).should(\"exist\");\ncy.contains(\"Anterior\").click();\ncy.contains(\"1\").should(\"exist\");\ncy.contains(MARTIN).should(\"exist\");",
              "err": {},
              "uuid": "beb90db5-cd09-492d-a79c-1408eafa0ae9",
              "parentUUID": "47be8231-a567-42a5-8fff-dfd7dbdb8335",
              "isHook": false,
              "skipped": false
            }
          ],
          "suites": [],
          "passes": [
            "3a533a82-6ff3-4c94-9e9b-6d846eb4166b",
            "beb90db5-cd09-492d-a79c-1408eafa0ae9"
          ],
          "failures": [
            "b1dd0e4f-39c5-4a7f-9720-3ca09e7f2338",
            "31ecc905-ad4d-4e80-bbcd-21c372e4e0ad"
          ],
          "pending": [],
          "skipped": [],
          "duration": 25932,
          "root": false,
          "rootEmpty": false,
          "_timeout": 2000
        }
      ],
      "passes": [],
      "failures": [],
      "pending": [],
      "skipped": [],
      "duration": 0,
      "root": true,
      "rootEmpty": true,
      "_timeout": 2000
    }
  ],
  "meta": {
    "mocha": {
      "version": "7.0.1"
    },
    "mochawesome": {
      "options": {
        "quiet": false,
        "reportFilename": "mochawesome",
        "saveHtml": false,
        "saveJson": true,
        "consoleReporter": "spec",
        "useInlineDiffs": false
      },
      "version": "4.1.0"
    },
    "marge": {
      "options": {
        "id": "default",
        "reportDir": "cypress/reports",
        "overwrite": false,
        "html": false,
        "json": true
      },
      "version": "4.1.0"
    }
  }
}