{
  "stats": {
    "suites": 1,
    "tests": 2,
    "passes": 0,
    "pending": 0,
    "failures": 2,
    "start": "2020-11-08T14:14:01.732Z",
    "end": "2020-11-08T14:14:01.836Z",
    "duration": 104,
    "testsRegistered": 2,
    "passPercent": 0,
    "pendingPercent": 0,
    "other": 0,
    "hasOther": false,
    "skipped": 0,
    "hasSkipped": false
  },
  "results": [
    {
      "uuid": "19f74908-ffdb-4cb4-bd4a-365af2e428fc",
      "title": "",
      "fullFile": "cypress/integration/VerifyEnv.spec.js",
      "file": "cypress/integration/VerifyEnv.spec.js",
      "beforeHooks": [],
      "afterHooks": [],
      "tests": [],
      "suites": [
        {
          "uuid": "2f4ebc69-3aa3-487c-a79f-b811fae65be9",
          "title": "Verifica as variáveis de ambiente do frontend",
          "fullFile": "",
          "file": "",
          "beforeHooks": [],
          "afterHooks": [],
          "tests": [
            {
              "title": "Será validado se as variáveis do hawkins existem",
              "fullTitle": "Verifica as variáveis de ambiente do frontend Será validado se as variáveis do hawkins existem",
              "timedOut": null,
              "duration": 40,
              "state": "failed",
              "speed": null,
              "pass": false,
              "fail": true,
              "pending": false,
              "context": null,
              "code": "expect(Cypress.env(REACT_APP_HAWKINS_URL)).to.exist;\nexpect(Cypress.env(REACT_APP_HAWKINS_TIMEOUT)).to.exist;",
              "err": {
                "message": "AssertionError: expected undefined to exist",
                "estack": "AssertionError: expected undefined to exist\n    at Context.eval (http://localhost:44705/__cypress/tests?p=cypress/integration/VerifyEnv.spec.js:105:50)",
                "diff": null
              },
              "uuid": "9ed1e76b-cbd8-4c7e-9af8-889a4b8dfee1",
              "parentUUID": "2f4ebc69-3aa3-487c-a79f-b811fae65be9",
              "isHook": false,
              "skipped": false
            },
            {
              "title": "Será validado se as variáveis do upsidesown existem",
              "fullTitle": "Verifica as variáveis de ambiente do frontend Será validado se as variáveis do upsidesown existem",
              "timedOut": null,
              "duration": 18,
              "state": "failed",
              "speed": null,
              "pass": false,
              "fail": true,
              "pending": false,
              "context": null,
              "code": "expect(Cypress.env(REACT_APP_UPSIDEDOWN_URL)).to.exist;\nexpect(Cypress.env(REACT_APP_UPSIDEDOWN_TIMEOUT)).to.exist;",
              "err": {
                "message": "AssertionError: expected undefined to exist",
                "estack": "AssertionError: expected undefined to exist\n    at Context.eval (http://localhost:44705/__cypress/tests?p=cypress/integration/VerifyEnv.spec.js:109:53)",
                "diff": null
              },
              "uuid": "8520c83f-368e-4884-af67-a27d3b2ad0e3",
              "parentUUID": "2f4ebc69-3aa3-487c-a79f-b811fae65be9",
              "isHook": false,
              "skipped": false
            }
          ],
          "suites": [],
          "passes": [],
          "failures": [
            "9ed1e76b-cbd8-4c7e-9af8-889a4b8dfee1",
            "8520c83f-368e-4884-af67-a27d3b2ad0e3"
          ],
          "pending": [],
          "skipped": [],
          "duration": 58,
          "root": false,
          "rootEmpty": false,
          "_timeout": 2000
        }
      ],
      "passes": [],
      "failures": [],
      "pending": [],
      "skipped": [],
      "duration": 0,
      "root": true,
      "rootEmpty": true,
      "_timeout": 2000
    }
  ],
  "meta": {
    "mocha": {
      "version": "7.0.1"
    },
    "mochawesome": {
      "options": {
        "quiet": false,
        "reportFilename": "mochawesome",
        "saveHtml": false,
        "saveJson": true,
        "consoleReporter": "spec",
        "useInlineDiffs": false
      },
      "version": "4.1.0"
    },
    "marge": {
      "options": {
        "id": "default",
        "reportDir": "cypress/reports",
        "overwrite": false,
        "html": false,
        "json": true
      },
      "version": "4.1.0"
    }
  }
}