{
  "stats": {
    "suites": 1,
    "tests": 2,
    "passes": 0,
    "pending": 0,
    "failures": 2,
    "start": "2020-11-09T13:44:17.067Z",
    "end": "2020-11-09T13:44:34.726Z",
    "duration": 17659,
    "testsRegistered": 2,
    "passPercent": 0,
    "pendingPercent": 0,
    "other": 0,
    "hasOther": false,
    "skipped": 0,
    "hasSkipped": false
  },
  "results": [
    {
      "uuid": "2f3ff414-8528-4d64-a523-7c0bf6343157",
      "title": "",
      "fullFile": "cypress/integration/developerMode.spec.js",
      "file": "cypress/integration/developerMode.spec.js",
      "beforeHooks": [],
      "afterHooks": [],
      "tests": [],
      "suites": [
        {
          "uuid": "412d5c2d-2f14-48ad-8a37-256b89198b1f",
          "title": "Verifica os multi-ambientes e modo de desenvolvimento",
          "fullFile": "",
          "file": "",
          "beforeHooks": [],
          "afterHooks": [],
          "tests": [
            {
              "title": "Será validado que a tag de desenvolvimento foi encontrada no frontend de desenvolvimento",
              "fullTitle": "Verifica os multi-ambientes e modo de desenvolvimento Será validado que a tag de desenvolvimento foi encontrada no frontend de desenvolvimento",
              "timedOut": null,
              "duration": 14271,
              "state": "failed",
              "speed": null,
              "pass": false,
              "fail": true,
              "pending": false,
              "context": null,
              "code": "cy.visit(FRONT_URL);\ncy.contains(\"Em desenvolvimento\").should(\"exist\");",
              "err": {
                "message": "AssertionError: Timed out retrying: Expected to find content: 'Em desenvolvimento' but never did.",
                "estack": "AssertionError: Timed out retrying: Expected to find content: 'Em desenvolvimento' but never did.\n    at Context.eval (https://mathieubouhelier-st-frontend.herokuapp.com/__cypress/tests?p=cypress/integration/developerMode.spec.js:105:39)",
                "diff": null
              },
              "uuid": "6d2c58f8-0b01-4e1c-b75a-34309d110761",
              "parentUUID": "412d5c2d-2f14-48ad-8a37-256b89198b1f",
              "isHook": false,
              "skipped": false
            },
            {
              "title": "Será validado que a tag de desenvolvimento não existe no frontend de produção",
              "fullTitle": "Verifica os multi-ambientes e modo de desenvolvimento Será validado que a tag de desenvolvimento não existe no frontend de produção",
              "timedOut": null,
              "duration": 1058,
              "state": "failed",
              "speed": null,
              "pass": false,
              "fail": true,
              "pending": false,
              "context": null,
              "code": "cy.visit(FRONT_URL_PROD);\ncy.contains(\"Em desenvolvimento\").should(\"not.exist\");",
              "err": {
                "message": "CypressError: `cy.visit()` failed trying to load:\n\nhttps://mathieubouhelier-st-frontend-prod.herokuapp.com/.\n\nThe response we received from your web server was:\n\n  > 404: Not Found\n\nThis was considered a failure because the status code was not `2xx`.\n\nIf you do not want status codes to cause failures pass the option: `failOnStatusCode: false`",
                "estack": "CypressError: `cy.visit()` failed trying to load:\n\nhttps://mathieubouhelier-st-frontend-prod.herokuapp.com/.\n\nThe response we received from your web server was:\n\n  > 404: Not Found\n\nThis was considered a failure because the status code was not `2xx`.\n\nIf you do not want status codes to cause failures pass the option: `failOnStatusCode: false`\n    at https://mathieubouhelier-st-frontend.herokuapp.com/__cypress/runner/cypress_runner.js:158062:25\n    at visitFailedByErr (https://mathieubouhelier-st-frontend.herokuapp.com/__cypress/runner/cypress_runner.js:157432:12)\n    at https://mathieubouhelier-st-frontend.herokuapp.com/__cypress/runner/cypress_runner.js:158042:13\n    at tryCatcher (https://mathieubouhelier-st-frontend.herokuapp.com/__cypress/runner/cypress_runner.js:10325:23)\n    at Promise._settlePromiseFromHandler (https://mathieubouhelier-st-frontend.herokuapp.com/__cypress/runner/cypress_runner.js:8260:31)\n    at Promise._settlePromise (https://mathieubouhelier-st-frontend.herokuapp.com/__cypress/runner/cypress_runner.js:8317:18)\n    at Promise._settlePromise0 (https://mathieubouhelier-st-frontend.herokuapp.com/__cypress/runner/cypress_runner.js:8362:10)\n    at Promise._settlePromises (https://mathieubouhelier-st-frontend.herokuapp.com/__cypress/runner/cypress_runner.js:8438:18)\n    at _drainQueueStep (https://mathieubouhelier-st-frontend.herokuapp.com/__cypress/runner/cypress_runner.js:5032:12)\n    at _drainQueue (https://mathieubouhelier-st-frontend.herokuapp.com/__cypress/runner/cypress_runner.js:5025:9)\n    at Async.../../node_modules/bluebird/js/release/async.js.Async._drainQueues (https://mathieubouhelier-st-frontend.herokuapp.com/__cypress/runner/cypress_runner.js:5041:5)\n    at Async.drainQueues (https://mathieubouhelier-st-frontend.herokuapp.com/__cypress/runner/cypress_runner.js:4911:14)\nFrom Your Spec Code:\n    at Context.eval (https://mathieubouhelier-st-frontend.herokuapp.com/__cypress/tests?p=cypress/integration/developerMode.spec.js:108:8)",
                "diff": null
              },
              "uuid": "e2713fe0-2358-481b-ac18-4f0ca7924598",
              "parentUUID": "412d5c2d-2f14-48ad-8a37-256b89198b1f",
              "isHook": false,
              "skipped": false
            }
          ],
          "suites": [],
          "passes": [],
          "failures": [
            "6d2c58f8-0b01-4e1c-b75a-34309d110761",
            "e2713fe0-2358-481b-ac18-4f0ca7924598"
          ],
          "pending": [],
          "skipped": [],
          "duration": 15329,
          "root": false,
          "rootEmpty": false,
          "_timeout": 2000
        }
      ],
      "passes": [],
      "failures": [],
      "pending": [],
      "skipped": [],
      "duration": 0,
      "root": true,
      "rootEmpty": true,
      "_timeout": 2000
    }
  ],
  "meta": {
    "mocha": {
      "version": "7.0.1"
    },
    "mochawesome": {
      "options": {
        "quiet": false,
        "reportFilename": "mochawesome",
        "saveHtml": false,
        "saveJson": true,
        "consoleReporter": "spec",
        "useInlineDiffs": false
      },
      "version": "4.1.0"
    },
    "marge": {
      "options": {
        "id": "default",
        "reportDir": "cypress/reports",
        "overwrite": false,
        "html": false,
        "json": true
      },
      "version": "4.1.0"
    }
  }
}