{
  "stats": {
    "suites": 1,
    "tests": 1,
    "passes": 0,
    "pending": 0,
    "failures": 1,
    "start": "2020-11-08T14:27:07.466Z",
    "end": "2020-11-08T14:27:08.491Z",
    "duration": 1025,
    "testsRegistered": 4,
    "passPercent": 0,
    "pendingPercent": 0,
    "other": 0,
    "hasOther": false,
    "skipped": 3,
    "hasSkipped": true
  },
  "results": [
    {
      "uuid": "9fa3d84e-0fc1-4e5d-ad96-0ad5f841331c",
      "title": "",
      "fullFile": "cypress/integration/herokuDeploy.spec.js",
      "file": "cypress/integration/herokuDeploy.spec.js",
      "beforeHooks": [],
      "afterHooks": [],
      "tests": [],
      "suites": [
        {
          "uuid": "8ddb4912-94ef-4efc-8950-1aa5186ea998",
          "title": "Verifica se foi feito o deploy do frontend no Heroku",
          "fullFile": "",
          "file": "",
          "beforeHooks": [],
          "afterHooks": [],
          "tests": [
            {
              "title": "Será validado que o botão de mudar de realidade existe",
              "fullTitle": "Verifica se foi feito o deploy do frontend no Heroku Será validado que o botão de mudar de realidade existe",
              "timedOut": null,
              "duration": 928,
              "state": "failed",
              "speed": null,
              "pass": false,
              "fail": true,
              "pending": false,
              "context": null,
              "code": "cy.get(\".change-reality\").should(\"exist\");",
              "err": {
                "message": "CypressError: `cy.visit()` failed trying to load:\n\nhttps://undefined-st-frontend.herokuapp.com/.\n\nThe response we received from your web server was:\n\n  > 404: Not Found\n\nThis was considered a failure because the status code was not `2xx`.\n\nIf you do not want status codes to cause failures pass the option: `failOnStatusCode: false`\n\nBecause this error occurred during a `before each` hook we are skipping the remaining tests in the current suite: `Verifica se foi feito o dep...`",
                "estack": "CypressError: `cy.visit()` failed trying to load:\n\nhttps://undefined-st-frontend.herokuapp.com/.\n\nThe response we received from your web server was:\n\n  > 404: Not Found\n\nThis was considered a failure because the status code was not `2xx`.\n\nIf you do not want status codes to cause failures pass the option: `failOnStatusCode: false`\n\nBecause this error occurred during a `before each` hook we are skipping the remaining tests in the current suite: `Verifica se foi feito o dep...`\n    at http://localhost:36849/__cypress/runner/cypress_runner.js:158062:25\n    at visitFailedByErr (http://localhost:36849/__cypress/runner/cypress_runner.js:157432:12)\n    at http://localhost:36849/__cypress/runner/cypress_runner.js:158042:13\n    at tryCatcher (http://localhost:36849/__cypress/runner/cypress_runner.js:10325:23)\n    at Promise._settlePromiseFromHandler (http://localhost:36849/__cypress/runner/cypress_runner.js:8260:31)\n    at Promise._settlePromise (http://localhost:36849/__cypress/runner/cypress_runner.js:8317:18)\n    at Promise._settlePromise0 (http://localhost:36849/__cypress/runner/cypress_runner.js:8362:10)\n    at Promise._settlePromises (http://localhost:36849/__cypress/runner/cypress_runner.js:8438:18)\n    at _drainQueueStep (http://localhost:36849/__cypress/runner/cypress_runner.js:5032:12)\n    at _drainQueue (http://localhost:36849/__cypress/runner/cypress_runner.js:5025:9)\n    at Async.../../node_modules/bluebird/js/release/async.js.Async._drainQueues (http://localhost:36849/__cypress/runner/cypress_runner.js:5041:5)\n    at Async.drainQueues (http://localhost:36849/__cypress/runner/cypress_runner.js:4911:14)\nFrom Your Spec Code:\n    at Context.eval (http://localhost:36849/__cypress/tests?p=cypress/integration/herokuDeploy.spec.js:107:8)",
                "diff": null
              },
              "uuid": "9ec2a215-acad-4268-a11a-5d54a0aca709",
              "parentUUID": "8ddb4912-94ef-4efc-8950-1aa5186ea998",
              "isHook": false,
              "skipped": false
            },
            {
              "title": "Será validado que a pesquisa funciona como deveria",
              "fullTitle": "Verifica se foi feito o deploy do frontend no Heroku Será validado que a pesquisa funciona como deveria",
              "timedOut": null,
              "duration": 0,
              "state": "skipped",
              "speed": null,
              "pass": false,
              "fail": false,
              "pending": false,
              "context": null,
              "code": "cy.contains(PESQUISAR).click();\ncy.contains(MARTIN).should(\"exist\");",
              "err": {},
              "uuid": "2523a1a4-2929-4f4f-9c02-d6c06c056be7",
              "parentUUID": "8ddb4912-94ef-4efc-8950-1aa5186ea998",
              "isHook": false,
              "skipped": true
            },
            {
              "title": "Será validado que o botão de mudar de realidade funciona.",
              "fullTitle": "Verifica se foi feito o deploy do frontend no Heroku Será validado que o botão de mudar de realidade funciona.",
              "timedOut": null,
              "duration": 0,
              "state": "skipped",
              "speed": null,
              "pass": false,
              "fail": false,
              "pending": false,
              "context": null,
              "code": "cy.contains(\"Mudar de Realidade\").click();\ncy.contains(PESQUISAR).click();\ncy.contains(INVERTED_MARTIN).should(\"exist\");",
              "err": {},
              "uuid": "20de08d3-7c82-461f-adf4-5abc922b4fa6",
              "parentUUID": "8ddb4912-94ef-4efc-8950-1aa5186ea998",
              "isHook": false,
              "skipped": true
            },
            {
              "title": "Será validado que os botões de próxima página e página anterior funcionam",
              "fullTitle": "Verifica se foi feito o deploy do frontend no Heroku Será validado que os botões de próxima página e página anterior funcionam",
              "timedOut": null,
              "duration": 0,
              "state": "skipped",
              "speed": null,
              "pass": false,
              "fail": false,
              "pending": false,
              "context": null,
              "code": "cy.contains(PESQUISAR).click();\ncy.contains(MARTIN).should(\"exist\");\ncy.contains(\"Próximo\").click();\ncy.contains(\"2\").should(\"exist\");\ncy.contains(Claudia).should(\"exist\");\ncy.contains(\"Anterior\").click();\ncy.contains(\"1\").should(\"exist\");\ncy.contains(MARTIN).should(\"exist\");",
              "err": {},
              "uuid": "84d914bf-638e-4b11-837f-a632d9ccab31",
              "parentUUID": "8ddb4912-94ef-4efc-8950-1aa5186ea998",
              "isHook": false,
              "skipped": true
            }
          ],
          "suites": [],
          "passes": [],
          "failures": [
            "9ec2a215-acad-4268-a11a-5d54a0aca709"
          ],
          "pending": [],
          "skipped": [
            "2523a1a4-2929-4f4f-9c02-d6c06c056be7",
            "20de08d3-7c82-461f-adf4-5abc922b4fa6",
            "84d914bf-638e-4b11-837f-a632d9ccab31"
          ],
          "duration": 928,
          "root": false,
          "rootEmpty": false,
          "_timeout": 2000
        }
      ],
      "passes": [],
      "failures": [],
      "pending": [],
      "skipped": [],
      "duration": 0,
      "root": true,
      "rootEmpty": true,
      "_timeout": 2000
    }
  ],
  "meta": {
    "mocha": {
      "version": "7.0.1"
    },
    "mochawesome": {
      "options": {
        "quiet": false,
        "reportFilename": "mochawesome",
        "saveHtml": false,
        "saveJson": true,
        "consoleReporter": "spec",
        "useInlineDiffs": false
      },
      "version": "4.1.0"
    },
    "marge": {
      "options": {
        "id": "default",
        "reportDir": "cypress/reports",
        "overwrite": false,
        "html": false,
        "json": true
      },
      "version": "4.1.0"
    }
  }
}